[debug] [2020-07-26T14:39:41.890Z] ----------------------------------------------------------------------
[debug] [2020-07-26T14:39:41.898Z] Command:       /usr/bin/node /usr/bin/firebase deploy --only hosting:admin
[debug] [2020-07-26T14:39:41.899Z] CLI Version:   8.6.0
[debug] [2020-07-26T14:39:41.900Z] Platform:      linux
[debug] [2020-07-26T14:39:41.900Z] Node Version:  v14.5.0
[debug] [2020-07-26T14:39:41.901Z] Time:          Sun Jul 26 2020 22:39:41 GMT+0800 (Philippine Standard Time)
[debug] [2020-07-26T14:39:41.901Z] ----------------------------------------------------------------------
[debug] [2020-07-26T14:39:41.901Z] 
[debug] [2020-07-26T14:39:41.953Z] > command requires scopes: ["email","openid","https://www.googleapis.com/auth/cloudplatformprojects.readonly","https://www.googleapis.com/auth/firebase","https://www.googleapis.com/auth/cloud-platform"]
[debug] [2020-07-26T14:39:41.954Z] > authorizing via signed-in user
[debug] [2020-07-26T14:39:41.955Z] [iam] checking project sound-aileron-279710 for permissions ["firebase.projects.get","firebasehosting.sites.update"]
[debug] [2020-07-26T14:39:41.960Z] >>> HTTP REQUEST POST https://cloudresourcemanager.googleapis.com/v1/projects/sound-aileron-279710:testIamPermissions  
 {"permissions":["firebase.projects.get","firebasehosting.sites.update"]}
[debug] [2020-07-26T14:39:43.437Z] <<< HTTP RESPONSE 200 {"content-type":"application/json; charset=UTF-8","vary":"X-Origin, Referer, Origin,Accept-Encoding","date":"Sun, 26 Jul 2020 14:39:43 GMT","server":"ESF","cache-control":"private","x-xss-protection":"0","x-frame-options":"SAMEORIGIN","x-content-type-options":"nosniff","server-timing":"gfet4t7; dur=829","alt-svc":"h3-29=\":443\"; ma=2592000,h3-27=\":443\"; ma=2592000,h3-T050=\":443\"; ma=2592000,h3-Q050=\":443\"; ma=2592000,h3-Q046=\":443\"; ma=2592000,h3-Q043=\":443\"; ma=2592000,quic=\":443\"; ma=2592000; v=\"46,43\"","accept-ranges":"none","transfer-encoding":"chunked"}
[debug] [2020-07-26T14:39:43.439Z] >>> HTTP REQUEST GET https://firebase.googleapis.com/v1beta1/projects/sound-aileron-279710  
 
[debug] [2020-07-26T14:39:44.437Z] <<< HTTP RESPONSE 200 {"content-type":"application/json; charset=UTF-8","vary":"X-Origin, Referer, Origin,Accept-Encoding","date":"Sun, 26 Jul 2020 14:39:44 GMT","server":"ESF","cache-control":"private","x-xss-protection":"0","x-frame-options":"SAMEORIGIN","x-content-type-options":"nosniff","alt-svc":"h3-29=\":443\"; ma=2592000,h3-27=\":443\"; ma=2592000,h3-T050=\":443\"; ma=2592000,h3-Q050=\":443\"; ma=2592000,h3-Q046=\":443\"; ma=2592000,h3-Q043=\":443\"; ma=2592000,quic=\":443\"; ma=2592000; v=\"46,43\"","accept-ranges":"none","transfer-encoding":"chunked"}
[info] 
[info] === Deploying to 'sound-aileron-279710'...
[info] 
[info] i  deploying hosting 
[info] Running command: npm run build && rm -rf public/admin/* && mkdir -p public/admin && cp -a ./dist/* ./public/admin
